    1  2020-07-06 16:33:20 zypper addrepo -f http://mirrors.aliyun.com/opensuse/distribution/leap/15.2/repo/oss/ openSUSE-15.2-Oss
    2  2020-07-06 16:33:40 zypper addrepo -f http://mirrors.aliyun.com/opensuse/distribution/leap/15.2/repo/non-oss/ openSUSE-15.2-Non-Oss
    3  2020-07-06 16:33:51 zypper addrepo -f http://mirrors.aliyun.com/opensuse/update/leap/15.2/oss/ openSUSE-15.2-Update-Oss
    4  2020-07-06 16:56:59 zypper addrepo -f http://mirrors.aliyun.com/opensuse/update/leap/15.2/non-oss/ openSUSE-15.2-Update-Non-Oss
    5  2020-07-06 16:57:09 zypper lr
    6  2020-07-06 16:57:21 zypper refresh
    7  2020-07-06 17:06:23 zypper search devel_C_C++
    8  2020-07-06 17:07:21 zypper install -t pattern devel_C_C++
    9  2020-07-06 17:09:11 which git
   10  2020-07-06 17:09:15 which gcc
   11  2020-07-06 17:09:18 which g++
   12  2020-07-06 17:09:22 g++ --version
   13  2020-07-06 17:09:27 which gdb
   14  2020-07-06 17:09:34 which cgdb
   15  2020-07-06 17:10:09 exit
   16  2020-07-09 08:48:22 cd ../../
   17  2020-07-09 08:48:22 ls
   18  2020-07-09 08:48:40 cd temp/
   19  2020-07-09 08:48:41 ls
   20  2020-07-09 08:48:53 zypper search gvim
   21  2020-07-09 08:49:02 zypper install gvim
   22  2020-07-09 08:49:24 zypper search tkdiff
   23  2020-07-09 08:49:35 zypper install tkdiff
   24  2020-07-09 08:55:58 gvim
   25  2020-07-09 08:56:42 vim
   26  2020-07-09 08:56:52 cd /root/
   27  2020-07-09 08:56:52 ls
   28  2020-07-09 08:56:53 ll
   29  2020-07-09 08:57:08 cp /home/pyrad/.Xauthority .
   30  2020-07-09 08:57:11 ls .Xauthority
   31  2020-07-09 08:57:14 vi .Xauthority 
   32  2020-07-09 08:57:25 rm .Xauthority
   33  2020-07-09 08:57:32 exit
   34  2020-07-09 09:08:28 ls /mnt/
   35  2020-07-09 09:08:41 mkdir -p /mnt/share
   36  2020-07-09 09:08:44 ls /mnt/share/
   37  2020-07-09 09:08:56 vmhgfs-fuse .host:/VirtualMachinesDataShare /mnt/share
   38  2020-07-09 09:08:59 ls /mnt/share/
   39  2020-07-09 09:09:03 ll /mnt/share/
   40  2020-07-09 09:09:40 cd /mnt/share/
   41  2020-07-09 09:09:41 ls
   42  2020-07-09 09:09:43 ll
   43  2020-07-09 09:10:32 cp boost_1_73_0.7z centos8.* cgdb-master.zip Python-* vim-8.2.tar.bz2 vimrc.* /home/pyrad/swap/
   44  2020-07-09 09:10:41 cd /home/pyrad/swap/
   45  2020-07-09 09:10:41 ll
   46  2020-07-09 09:10:54 chown pyrad ./*
   47  2020-07-09 09:10:56 ll
   48  2020-07-09 09:11:06 cd -
   49  2020-07-09 09:11:07 ls
   50  2020-07-09 09:11:08 ll
   51  2020-07-09 09:11:24 cp tcl8.6.10-src.tar.gz tk8.6.10-src.tar.gz /home/pyrad/swap/
   52  2020-07-09 09:11:26 cd -
   53  2020-07-09 09:11:31 chown pyrad ./*
   54  2020-07-09 09:11:32 ll
   55  2020-07-09 09:11:37 exit 
   56  2020-07-09 09:13:19 zypper search 7zip
   57  2020-07-09 09:14:05 zypper install p7zip
   58  2020-07-09 09:14:16 which p7zip 
   59  2020-07-09 09:16:05 exit
   60  2020-07-09 13:44:59 zypper search libx11
   61  2020-07-09 13:45:56 zypper install libX11-devel
   62  2020-07-09 14:21:54 exit
   63  2020-07-10 08:45:43 ls
   64  2020-07-10 08:45:44 cd
   65  2020-07-10 08:45:44 ls
   66  2020-07-10 08:45:56 mkdir roottemp
   67  2020-07-10 08:45:57 cd roottemp/
   68  2020-07-10 08:45:57 ls
   69  2020-07-10 08:46:10 history > commands.history.log
